<?xml version="1.0" encoding="UTF-8" ?>
<testsuites disabled="0" errors="0" failures="2" tests="3" time="0.038">
 <testsuite name="sample describe 2" timestamp="2018-11-13T14:13:02" hostname="localhost" time="0.028" errors="0" tests="1" skipped="0" disabled="0" failures="1">
  <testcase classname="sample describe 2" name="sample test 21" time="0.008">
   <failure type="toEqual" message="Expected 2 to equal 3."><![CDATA[Error: Expected 2 to equal 3.
    at <Jasmine>
    at UserContext.it (C:\Arul\cnws\beady-eye\spec\Runners\sampleTestSuite.js:12:23)
    at <Jasmine>]]>
   </failure>
  </testcase>
 </testsuite>
 <testsuite name="sample describe 1" timestamp="2018-11-13T14:13:03" hostname="localhost" time="0.01" errors="0" tests="2" skipped="0" disabled="0" failures="1">
  <testcase classname="sample describe 1" name="sample test 12" time="0.001" />
  <testcase classname="sample describe 1" name="sample test 11" time="0.001">
   <failure type="toEqual" message="Expected 1 to equal 2."><![CDATA[Error: Expected 1 to equal 2.
    at <Jasmine>
    at UserContext.it (C:\Arul\cnws\beady-eye\spec\Runners\sampleTestSuite.js:4:23)
    at <Jasmine>]]>
   </failure>
  </testcase>
 </testsuite>
</testsuites>